Running: C:\Xilinx\14.7\ISE_DS\ISE\bin\nt64\unwrapped\fuse.exe -intstyle ise -incremental -lib unisims_ver -lib unimacro_ver -lib xilinxcorelib_ver -lib secureip -o D:/Xilinx/laba4/Schem3_Schem3_sch_tb_isim_beh.exe -prj D:/Xilinx/laba4/Schem3_Schem3_sch_tb_beh.prj work.Schem3_Schem3_sch_tb work.glbl 
ISim P.20131013 (signature 0x7708f090)
Number of CPUs detected in this system: 8
Turning on mult-threading, number of parallel sub-compilation jobs: 16 
Determining compilation order of HDL files
Analyzing Verilog file "D:/Xilinx/laba4/Schem3.vf" into library work
Analyzing Verilog file "C:/Xilinx/14.7/ISE_DS/ISE//verilog/src/glbl.v" into library work
Parsing VHDL file "D:/Xilinx/laba4/Test4.vhd" into library work
Starting static elaboration
Completed static elaboration
Compiling module glbl
Compiling module AND2
Compiling module INV
Compiling module AND3
Compiling module Schem3
Compiling package standard
Compiling package std_logic_1164
Compiling package numeric_std
Compiling package vcomponents
Compiling package vl_types
Compiling architecture behavioral of entity schem3_schem3_sch_tb
Time Resolution for simulation is 1ps.
Compiled 6 VHDL Units
Compiled 5 Verilog Units
Built simulation executable D:/Xilinx/laba4/Schem3_Schem3_sch_tb_isim_beh.exe
Fuse Memory Usage: 51524 KB
Fuse CPU Usage: 577 ms
