Running: C:\Xilinx\14.7\ISE_DS\ISE\bin\nt64\unwrapped\fuse.exe -intstyle ise -incremental -lib unisims_ver -lib unimacro_ver -lib xilinxcorelib_ver -lib secureip -o D:/Xilinx/JK/sch3_sch3_sch_tb_isim_beh.exe -prj D:/Xilinx/JK/sch3_sch3_sch_tb_beh.prj work.sch3_sch3_sch_tb work.glbl 
ISim P.20131013 (signature 0x7708f090)
Number of CPUs detected in this system: 8
Turning on mult-threading, number of parallel sub-compilation jobs: 16 
Determining compilation order of HDL files
Analyzing Verilog file "D:/Xilinx/JK/sch3.vf" into library work
Analyzing Verilog file "C:/Xilinx/14.7/ISE_DS/ISE//verilog/src/glbl.v" into library work
Parsing VHDL file "D:/Xilinx/JK/t3.vhd" into library work
Starting static elaboration
Completed static elaboration
Compiling module glbl
Compiling module NAND3
Compiling module INV
Compiling module sch3
Compiling package standard
Compiling package std_logic_1164
Compiling package numeric_std
Compiling package vcomponents
Compiling package vl_types
Compiling architecture behavioral of entity sch3_sch3_sch_tb
Time Resolution for simulation is 1ps.
Compiled 6 VHDL Units
Compiled 4 Verilog Units
Built simulation executable D:/Xilinx/JK/sch3_sch3_sch_tb_isim_beh.exe
Fuse Memory Usage: 51800 KB
Fuse CPU Usage: 2374 ms
