Command line:
   lw2_lw2_sch_tb_isim_beh.exe
     -simmode  gui
     -simrunnum  0
     -socket  53508

Sat Mar 07 09:01:02 2020


 Elaboration Time: 0.0625 sec

 Current Memory Usage: 5160.8 Meg

 Total Signals          : 57
 Total Nets             : 35
 Total Signal Drivers   : 10
 Total Blocks           : 11
 Total Primitive Blocks : 9
 Total Processes        : 7
 Total Traceable Variables  : 13
 Total Scalar Nets and Variables : 518
Total Line Count : 87
Total Line Count : 87

 Total Simulation Time: 0.21875 sec

 Current Memory Usage: 4688.95 Meg

Sat Mar 07 09:37:45 2020

