Command line:
   MY_SCHEME_MY_SCHEME_sch_tb_isim_beh.exe
     -simmode  gui
     -simrunnum  0
     -socket  53572

Sat Mar 07 09:58:37 2020


 Elaboration Time: 0.046875 sec

 Current Memory Usage: 5160.77 Meg

 Total Signals          : 73
 Total Nets             : 54
 Total Signal Drivers   : 21
 Total Blocks           : 14
 Total Primitive Blocks : 12
 Total Processes        : 19
 Total Traceable Variables  : 32
 Total Scalar Nets and Variables : 618
Total Line Count : 95

 Total Simulation Time: 0.40625 sec

 Current Memory Usage: 4688.91 Meg

Sat Mar 07 10:03:41 2020

