Running: C:\Xilinx\14.7\ISE_DS\ISE\bin\nt64\unwrapped\fuse.exe -intstyle ise -incremental -lib unisims_ver -lib unimacro_ver -lib xilinxcorelib_ver -lib secureip -o D:/Xilinx/Scheme1_Scheme1_sch_tb_isim_beh.exe -prj D:/Xilinx/Scheme1_Scheme1_sch_tb_beh.prj work.Scheme1_Scheme1_sch_tb work.glbl 
ISim P.20131013 (signature 0x7708f090)
Number of CPUs detected in this system: 8
Turning on mult-threading, number of parallel sub-compilation jobs: 16 
Determining compilation order of HDL files
Analyzing Verilog file "D:/Xilinx/Scheme1.vf" into library work
Analyzing Verilog file "C:/Xilinx/14.7/ISE_DS/ISE//verilog/src/glbl.v" into library work
Parsing VHDL file "D:/Xilinx/MyProject1/Test1.vhd" into library work
Starting static elaboration
Completed static elaboration
Compiling module glbl
Compiling module OR2
Compiling module INV
Compiling module AND2
Compiling module Scheme1
Compiling package standard
Compiling package std_logic_1164
Compiling package numeric_std
Compiling package vcomponents
Compiling package vl_types
Compiling architecture behavioral of entity scheme1_scheme1_sch_tb
Time Resolution for simulation is 1ps.
Waiting for 1 sub-compilation(s) to finish...
Compiled 6 VHDL Units
Compiled 5 Verilog Units
Built simulation executable D:/Xilinx/Scheme1_Scheme1_sch_tb_isim_beh.exe
Fuse Memory Usage: 50744 KB
Fuse CPU Usage: 874 ms
