Running: C:\Xilinx\14.7\ISE_DS\ISE\bin\nt64\unwrapped\fuse.exe -intstyle ise -incremental -lib unisims_ver -lib unimacro_ver -lib xilinxcorelib_ver -lib secureip -o D:/Xilinx/l3/Schem2_Schem2_sch_tb_isim_beh.exe -prj D:/Xilinx/l3/Schem2_Schem2_sch_tb_beh.prj work.Schem2_Schem2_sch_tb work.glbl 
ISim P.20131013 (signature 0x7708f090)
Number of CPUs detected in this system: 8
Turning on mult-threading, number of parallel sub-compilation jobs: 16 
Determining compilation order of HDL files
Analyzing Verilog file "D:/Xilinx/l3/Schem2.vf" into library work
Analyzing Verilog file "C:/Xilinx/14.7/ISE_DS/ISE//verilog/src/glbl.v" into library work
Parsing VHDL file "D:/Xilinx/l3/Test2.vhd" into library work
Starting static elaboration
Completed static elaboration
Compiling module glbl
Compiling module AND4
Compiling module INV
Compiling module Schem2
Compiling package standard
Compiling package std_logic_1164
Compiling package numeric_std
Compiling package vcomponents
Compiling package vl_types
Compiling architecture behavioral of entity schem2_schem2_sch_tb
Time Resolution for simulation is 1ps.
Compiled 6 VHDL Units
Compiled 4 Verilog Units
Built simulation executable D:/Xilinx/l3/Schem2_Schem2_sch_tb_isim_beh.exe
Fuse Memory Usage: 51336 KB
Fuse CPU Usage: 2296 ms
