Command line:
   Scheme1_Scheme1_sch_tb_isim_beh.exe
     -simmode  gui
     -simrunnum  0
     -socket  52597

Fri Mar 13 19:53:47 2020


 Elaboration Time: 0.03125 sec

 Current Memory Usage: 5161.45 Meg

 Total Signals          : 135
 Total Nets             : 117
 Total Signal Drivers   : 83
 Total Blocks           : 12
 Total Primitive Blocks : 10
 Total Processes        : 85
 Total Traceable Variables  : 68
 Total Scalar Nets and Variables : 717
Total Line Count : 273

 Total Simulation Time: 1.75 sec

 Current Memory Usage: 4689.59 Meg

Fri Mar 13 19:56:59 2020

