Command line:
   MY_SCHEME_isim_beh.exe
     -simmode  gui
     -simrunnum  0
     -socket  53555

Sat Mar 07 09:45:20 2020


 Elaboration Time: 0 sec

 Current Memory Usage: 5161.21 Meg

 Total Signals          : 43
 Total Nets             : 24
 Total Signal Drivers   : 12
 Total Blocks           : 9
 Total Primitive Blocks : 8
 Total Processes        : 13
 Total Traceable Variables  : 18
 Total Scalar Nets and Variables : 104
Total Line Count : 14

 Total Simulation Time: 0.0625 sec

 Current Memory Usage: 5161.21 Meg

Sat Mar 07 09:45:31 2020

