Command line:
   Scheme1_isim_beh.exe
     -simmode  gui
     -simrunnum  0
     -socket  53952

Mon Mar 16 15:19:25 2020


 Elaboration Time: 0.03125 sec

 Current Memory Usage: 5160.76 Meg

 Total Signals          : 73
 Total Nets             : 55
 Total Signal Drivers   : 41
 Total Blocks           : 7
 Total Primitive Blocks : 6
 Total Processes        : 47
 Total Traceable Variables  : 54
 Total Scalar Nets and Variables : 171
Total Line Count : 80

 Total Simulation Time: 0.09375 sec

 Current Memory Usage: 5160.76 Meg

Mon Mar 16 15:19:31 2020

